Performing C SOURCE FILE Test CMAKE_HAVE_LIBC_PTHREAD failed with the following output:
Change Dir: /media/llaron/7E96ADB696AD6F79/代码/高性能服务器/autoli-server/CMakeFiles/CMakeTmp

Run Build Command(s):/usr/bin/make cmTC_b5f0b/fast && make[1]: 进入目录“/media/llaron/7E96ADB696AD6F79/代码/高性能服务器/autoli-server/CMakeFiles/CMakeTmp”
/usr/bin/make -f CMakeFiles/cmTC_b5f0b.dir/build.make CMakeFiles/cmTC_b5f0b.dir/build
make[2]: 进入目录“/media/llaron/7E96ADB696AD6F79/代码/高性能服务器/autoli-server/CMakeFiles/CMakeTmp”
Building C object CMakeFiles/cmTC_b5f0b.dir/src.c.o
/usr/bin/cc   -rdynamic -O3 -fPIC -ggdb -std=c11 -Wall -Wno-deprecated -Werror -Wno-unused-function -Wno-builtin-macro-redefined -Wno-deprecated-declarations -DCMAKE_HAVE_LIBC_PTHREAD   -o CMakeFiles/cmTC_b5f0b.dir/src.c.o   -c /media/llaron/7E96ADB696AD6F79/代码/高性能服务器/autoli-server/CMakeFiles/CMakeTmp/src.c
Linking C executable cmTC_b5f0b
/usr/bin/cmake -E cmake_link_script CMakeFiles/cmTC_b5f0b.dir/link.txt --verbose=1
/usr/bin/cc  -rdynamic -O3 -fPIC -ggdb -std=c11 -Wall -Wno-deprecated -Werror -Wno-unused-function -Wno-builtin-macro-redefined -Wno-deprecated-declarations -DCMAKE_HAVE_LIBC_PTHREAD    -rdynamic CMakeFiles/cmTC_b5f0b.dir/src.c.o  -o cmTC_b5f0b 
/usr/bin/ld: CMakeFiles/cmTC_b5f0b.dir/src.c.o: in function `main':
/media/llaron/7E96ADB696AD6F79/代码/高性能服务器/autoli-server/CMakeFiles/CMakeTmp/src.c:11: undefined reference to `pthread_create'
/usr/bin/ld: /media/llaron/7E96ADB696AD6F79/代码/高性能服务器/autoli-server/CMakeFiles/CMakeTmp/src.c:12: undefined reference to `pthread_detach'
/usr/bin/ld: /media/llaron/7E96ADB696AD6F79/代码/高性能服务器/autoli-server/CMakeFiles/CMakeTmp/src.c:13: undefined reference to `pthread_join'
collect2: error: ld returned 1 exit status
make[2]: *** [CMakeFiles/cmTC_b5f0b.dir/build.make:87：cmTC_b5f0b] 错误 1
make[2]: 离开目录“/media/llaron/7E96ADB696AD6F79/代码/高性能服务器/autoli-server/CMakeFiles/CMakeTmp”
make[1]: *** [Makefile:121：cmTC_b5f0b/fast] 错误 2
make[1]: 离开目录“/media/llaron/7E96ADB696AD6F79/代码/高性能服务器/autoli-server/CMakeFiles/CMakeTmp”


Source file was:
#include <pthread.h>

void* test_func(void* data)
{
  return data;
}

int main(void)
{
  pthread_t thread;
  pthread_create(&thread, NULL, test_func, NULL);
  pthread_detach(thread);
  pthread_join(thread, NULL);
  pthread_atfork(NULL, NULL, NULL);
  pthread_exit(NULL);

  return 0;
}

Determining if the function pthread_create exists in the pthreads failed with the following output:
Change Dir: /media/llaron/7E96ADB696AD6F79/代码/高性能服务器/autoli-server/CMakeFiles/CMakeTmp

Run Build Command(s):/usr/bin/make cmTC_51e37/fast && make[1]: 进入目录“/media/llaron/7E96ADB696AD6F79/代码/高性能服务器/autoli-server/CMakeFiles/CMakeTmp”
/usr/bin/make -f CMakeFiles/cmTC_51e37.dir/build.make CMakeFiles/cmTC_51e37.dir/build
make[2]: 进入目录“/media/llaron/7E96ADB696AD6F79/代码/高性能服务器/autoli-server/CMakeFiles/CMakeTmp”
Building C object CMakeFiles/cmTC_51e37.dir/CheckFunctionExists.c.o
/usr/bin/cc   -rdynamic -O3 -fPIC -ggdb -std=c11 -Wall -Wno-deprecated -Werror -Wno-unused-function -Wno-builtin-macro-redefined -Wno-deprecated-declarations -DCHECK_FUNCTION_EXISTS=pthread_create   -o CMakeFiles/cmTC_51e37.dir/CheckFunctionExists.c.o   -c /usr/share/cmake-3.16/Modules/CheckFunctionExists.c
Linking C executable cmTC_51e37
/usr/bin/cmake -E cmake_link_script CMakeFiles/cmTC_51e37.dir/link.txt --verbose=1
/usr/bin/cc  -rdynamic -O3 -fPIC -ggdb -std=c11 -Wall -Wno-deprecated -Werror -Wno-unused-function -Wno-builtin-macro-redefined -Wno-deprecated-declarations -DCHECK_FUNCTION_EXISTS=pthread_create    -rdynamic CMakeFiles/cmTC_51e37.dir/CheckFunctionExists.c.o  -o cmTC_51e37  -lpthreads 
/usr/bin/ld: 找不到 -lpthreads
collect2: error: ld returned 1 exit status
make[2]: *** [CMakeFiles/cmTC_51e37.dir/build.make:87：cmTC_51e37] 错误 1
make[2]: 离开目录“/media/llaron/7E96ADB696AD6F79/代码/高性能服务器/autoli-server/CMakeFiles/CMakeTmp”
make[1]: *** [Makefile:121：cmTC_51e37/fast] 错误 2
make[1]: 离开目录“/media/llaron/7E96ADB696AD6F79/代码/高性能服务器/autoli-server/CMakeFiles/CMakeTmp”



